TN:
SF:src/components/EmptyState.tsx
FN:10,EmptyState
FNF:1
FNH:1
FNDA:10,EmptyState
DA:11,10
LF:1
LH:1
BRF:0
BRH:0
end_of_record
TN:
SF:src/components/PageHeader.tsx
FN:7,PageHeader
FNF:1
FNH:1
FNDA:93,PageHeader
DA:8,93
LF:1
LH:1
BRF:0
BRH:0
end_of_record
TN:
SF:src/components/StatCard.tsx
FN:11,StatCard
FNF:1
FNH:1
FNDA:56,StatCard
DA:12,56
LF:1
LH:1
BRF:0
BRH:0
end_of_record
TN:
SF:src/components/layout/AppLayout.tsx
FN:31,AppLayout
FN:38,(anonymous_1)
FN:62,(anonymous_2)
FN:67,(anonymous_3)
FN:68,(anonymous_4)
FN:87,(anonymous_5)
FN:96,(anonymous_6)
FNF:7
FNH:5
FNDA:13,AppLayout
FNDA:13,(anonymous_1)
FNDA:91,(anonymous_2)
FNDA:0,(anonymous_3)
FNDA:91,(anonymous_4)
FNDA:0,(anonymous_5)
FNDA:1,(anonymous_6)
DA:21,2
DA:32,13
DA:33,13
DA:34,13
DA:35,13
DA:36,13
DA:38,13
DA:43,13
DA:63,91
DA:67,0
DA:69,91
DA:87,0
DA:96,1
LF:13
LH:11
BRDA:48,0,0,1
BRDA:48,0,1,12
BRDA:70,1,0,13
BRDA:70,1,1,78
BRDA:83,2,0,13
BRDA:83,2,1,1
BRDA:103,3,0,13
BRDA:103,3,1,1
BRDA:113,4,0,1
BRDA:113,4,1,12
BRDA:120,5,0,13
BRDA:120,5,1,1
BRF:12
BRH:12
end_of_record
TN:
SF:src/contexts/FinancialContext.tsx
FN:25,applyAssetImpact
FN:33,(anonymous_1)
FN:36,(anonymous_2)
FN:56,shouldAffectAssets
FN:61,loadProfile
FN:75,FinancialProvider
FN:77,(anonymous_6)
FN:80,(anonymous_7)
FN:84,(anonymous_8)
FN:87,(anonymous_9)
FN:90,(anonymous_10)
FN:91,(anonymous_11)
FN:96,(anonymous_12)
FN:97,(anonymous_13)
FN:107,(anonymous_14)
FN:108,(anonymous_15)
FN:118,(anonymous_16)
FN:119,(anonymous_17)
FN:122,(anonymous_18)
FN:123,(anonymous_19)
FN:125,(anonymous_20)
FN:134,(anonymous_21)
FN:158,useFinancial
FNF:23
FNH:23
FNDA:5,applyAssetImpact
FNDA:4,(anonymous_1)
FNDA:5,(anonymous_2)
FNDA:15,shouldAffectAssets
FNDA:98,loadProfile
FNDA:115,FinancialProvider
FNDA:98,(anonymous_6)
FNDA:115,(anonymous_7)
FNDA:115,(anonymous_8)
FNDA:1,(anonymous_9)
FNDA:2,(anonymous_10)
FNDA:2,(anonymous_11)
FNDA:5,(anonymous_12)
FNDA:5,(anonymous_13)
FNDA:6,(anonymous_14)
FNDA:6,(anonymous_15)
FNDA:3,(anonymous_16)
FNDA:3,(anonymous_17)
FNDA:2,(anonymous_18)
FNDA:2,(anonymous_19)
FNDA:2,(anonymous_20)
FNDA:2,(anonymous_21)
FNDA:204,useFinancial
DA:19,12
DA:20,12
DA:26,5
DA:27,0
DA:32,5
DA:33,5
DA:35,5
DA:36,1
DA:37,5
DA:44,4
DA:57,15
DA:62,98
DA:64,98
DA:65,12
DA:68,86
DA:69,86
DA:71,1
DA:77,115
DA:80,115
DA:81,115
DA:84,115
DA:85,115
DA:88,1
DA:91,2
DA:97,5
DA:108,6
DA:119,3
DA:122,3
DA:123,3
DA:125,3
DA:127,2
DA:134,3
DA:136,2
DA:142,3
DA:154,115
DA:159,204
DA:161,204
DA:162,2
DA:165,202
LF:39
LH:38
BRDA:26,0,0,0
BRDA:26,0,1,5
BRDA:32,1,0,5
BRDA:32,1,1,0
BRDA:35,2,0,1
BRDA:35,2,1,4
BRDA:37,3,0,1
BRDA:37,3,1,4
BRDA:49,4,0,4
BRDA:49,4,1,0
BRDA:57,5,0,15
BRDA:57,5,1,6
BRDA:57,5,2,3
BRDA:64,6,0,12
BRDA:64,6,1,86
BRDA:102,7,0,1
BRDA:102,7,1,4
BRDA:103,8,0,1
BRDA:103,8,1,0
BRDA:113,9,0,2
BRDA:113,9,1,4
BRDA:127,10,0,1
BRDA:127,10,1,1
BRDA:128,11,0,1
BRDA:128,11,1,0
BRDA:136,12,0,1
BRDA:136,12,1,1
BRDA:161,13,0,2
BRDA:161,13,1,202
BRF:29
BRH:24
end_of_record
TN:
SF:src/contexts/ThemeContext.tsx
FN:15,getInitialTheme
FN:25,ThemeProvider
FN:26,(anonymous_2)
FN:28,(anonymous_3)
FN:33,(anonymous_4)
FN:36,(anonymous_5)
FN:37,(anonymous_6)
FN:46,useTheme
FNF:8
FNH:8
FNDA:89,getInitialTheme
FNDA:93,ThemeProvider
FNDA:89,(anonymous_2)
FNDA:93,(anonymous_3)
FNDA:93,(anonymous_4)
FNDA:4,(anonymous_5)
FNDA:4,(anonymous_6)
FNDA:55,useTheme
DA:12,12
DA:13,12
DA:16,89
DA:18,89
DA:19,3
DA:22,86
DA:26,93
DA:28,93
DA:29,93
DA:30,93
DA:33,93
DA:34,93
DA:37,4
DA:43,93
DA:47,55
DA:49,55
DA:50,2
DA:53,53
LF:18
LH:18
BRDA:18,0,0,3
BRDA:18,0,1,86
BRDA:18,1,0,89
BRDA:18,1,1,89
BRDA:22,2,0,0
BRDA:22,2,1,86
BRDA:37,3,0,3
BRDA:37,3,1,1
BRDA:49,4,0,2
BRDA:49,4,1,53
BRF:10
BRH:9
end_of_record
TN:
SF:src/data/financialCategories.ts
FN:46,isAssetCategory
FN:47,(anonymous_1)
FNF:2
FNH:2
FNDA:12,isAssetCategory
FNDA:46,(anonymous_1)
DA:3,12
DA:16,12
DA:37,12
DA:47,46
LF:4
LH:4
BRF:0
BRH:0
end_of_record
TN:
SF:src/data/mockFinancialProfile.ts
FNF:0
FNH:0
DA:4,12
DA:20,12
LF:2
LH:2
BRF:0
BRH:0
end_of_record
TN:
SF:src/hooks/useFinancialSummary.ts
FN:5,useFinancialSummary
FN:8,(anonymous_1)
FN:10,(anonymous_2)
FN:12,(anonymous_3)
FN:14,(anonymous_4)
FN:16,(anonymous_5)
FN:24,(anonymous_6)
FNF:7
FNH:7
FNDA:33,useFinancialSummary
FNDA:31,(anonymous_1)
FNDA:56,(anonymous_2)
FNDA:140,(anonymous_3)
FNDA:84,(anonymous_4)
FNDA:141,(anonymous_5)
FNDA:141,(anonymous_6)
DA:6,33
DA:8,33
DA:10,56
DA:12,140
DA:14,84
DA:16,141
DA:18,31
DA:20,31
DA:21,31
DA:24,141
DA:29,31
DA:31,31
LF:12
LH:12
BRDA:20,0,0,28
BRDA:20,0,1,3
BRDA:21,1,0,28
BRDA:21,1,1,3
BRDA:24,2,0,29
BRDA:24,2,1,2
BRDA:24,3,0,141
BRDA:24,3,1,29
BRF:8
BRH:8
end_of_record
TN:
SF:src/pages/AIAssistant.tsx
FN:42,AIAssistant
FN:58,handleSubmit
FN:67,(anonymous_2)
FN:76,(anonymous_3)
FN:86,handleStatementUpload
FN:94,(anonymous_5)
FN:108,(anonymous_6)
FN:120,(anonymous_7)
FN:136,handleVoiceInput
FN:140,(anonymous_9)
FN:154,(anonymous_10)
FN:168,(anonymous_11)
FN:182,(anonymous_12)
FN:197,(anonymous_13)
FNF:14
FNH:6
FNDA:17,AIAssistant
FNDA:4,handleSubmit
FNDA:3,(anonymous_2)
FNDA:3,(anonymous_3)
FNDA:0,handleStatementUpload
FNDA:0,(anonymous_5)
FNDA:0,(anonymous_6)
FNDA:0,(anonymous_7)
FNDA:0,handleVoiceInput
FNDA:0,(anonymous_9)
FNDA:0,(anonymous_10)
FNDA:0,(anonymous_11)
FNDA:26,(anonymous_12)
FNDA:3,(anonymous_13)
DA:43,17
DA:44,17
DA:45,17
DA:46,17
DA:47,17
DA:48,17
DA:59,4
DA:61,4
DA:62,1
DA:65,3
DA:66,3
DA:67,3
DA:68,3
DA:70,3
DA:71,3
DA:76,3
DA:78,3
DA:87,0
DA:89,0
DA:90,0
DA:93,0
DA:94,0
DA:103,0
DA:104,0
DA:105,0
DA:106,0
DA:108,0
DA:120,0
DA:129,0
DA:130,0
DA:137,0
DA:139,0
DA:140,0
DA:148,0
DA:151,0
DA:152,0
DA:153,0
DA:154,0
DA:155,0
DA:157,0
DA:160,17
DA:168,0
DA:183,26
DA:197,3
LF:44
LH:20
BRDA:61,0,0,1
BRDA:61,0,1,3
BRDA:61,1,0,4
BRDA:61,1,1,3
BRDA:89,2,0,0
BRDA:89,2,1,0
BRDA:89,3,0,0
BRDA:89,3,1,0
BRDA:114,4,0,0
BRDA:114,4,1,0
BRDA:137,5,0,0
BRDA:137,5,1,0
BRDA:139,6,0,0
BRDA:139,6,1,0
BRDA:172,7,0,0
BRDA:172,7,1,17
BRDA:173,8,0,0
BRDA:173,8,1,17
BRDA:183,9,0,6
BRDA:183,9,1,20
BRDA:186,10,0,6
BRDA:186,10,1,20
BRDA:216,11,0,3
BRDA:216,11,1,14
BRDA:221,12,0,3
BRDA:221,12,1,14
BRF:26
BRH:14
end_of_record
TN:
SF:src/pages/Assets.tsx
FN:6,Assets
FN:13,(anonymous_1)
FNF:2
FNH:2
FNDA:3,Assets
FNDA:10,(anonymous_1)
DA:7,3
DA:9,3
DA:13,10
LF:3
LH:3
BRF:0
BRH:0
end_of_record
TN:
SF:src/pages/Dashboard.tsx
FN:12,Dashboard
FN:42,(anonymous_1)
FN:46,(anonymous_2)
FN:59,(anonymous_3)
FN:60,(anonymous_4)
FNF:5
FNH:2
FNDA:11,Dashboard
FNDA:55,(anonymous_1)
FNDA:0,(anonymous_2)
FNDA:0,(anonymous_3)
FNDA:0,(anonymous_4)
DA:9,2
DA:13,11
DA:14,11
DA:15,11
DA:20,11
DA:43,55
DA:46,0
DA:59,0
DA:60,0
LF:9
LH:6
BRF:0
BRH:0
end_of_record
TN:
SF:src/pages/Debts.tsx
FN:12,Debts
FN:28,(anonymous_1)
FNF:2
FNH:2
FNDA:5,Debts
FNDA:15,(anonymous_1)
DA:5,2
DA:13,5
DA:15,5
DA:29,15
LF:4
LH:4
BRF:0
BRH:0
end_of_record
TN:
SF:src/pages/Expenses.tsx
FN:8,Expenses
FN:15,handleAdd
FN:27,(anonymous_2)
FN:42,(anonymous_3)
FN:47,(anonymous_4)
FN:50,(anonymous_5)
FN:60,(anonymous_6)
FN:85,(anonymous_7)
FNF:8
FNH:7
FNDA:19,Expenses
FNDA:3,handleAdd
FNDA:92,(anonymous_2)
FNDA:2,(anonymous_3)
FNDA:0,(anonymous_4)
FNDA:266,(anonymous_5)
FNDA:4,(anonymous_6)
FNDA:92,(anonymous_7)
DA:9,19
DA:10,19
DA:12,19
DA:13,19
DA:16,3
DA:17,3
DA:18,3
DA:21,2
DA:22,3
DA:23,3
DA:27,92
DA:29,19
DA:42,2
DA:47,0
DA:51,266
DA:60,4
DA:86,92
LF:17
LH:16
BRDA:18,0,0,1
BRDA:18,0,1,2
BRDA:18,1,0,3
BRDA:18,1,1,3
BRDA:18,1,2,3
BRDA:21,2,0,2
BRDA:21,2,1,0
BRDA:74,3,0,18
BRDA:74,3,1,1
BRDA:88,4,0,92
BRDA:88,4,1,90
BRF:11
BRH:10
end_of_record
TN:
SF:src/pages/Goals.tsx
FN:19,Goals
FN:29,onSubmit
FN:65,(anonymous_2)
FNF:3
FNH:3
FNDA:14,Goals
FNDA:1,onSubmit
FNDA:7,(anonymous_2)
DA:10,2
DA:20,14
DA:25,14
DA:30,1
DA:31,1
DA:34,14
DA:66,7
LF:7
LH:7
BRDA:43,0,0,14
BRDA:43,0,1,1
BRDA:48,1,0,14
BRDA:48,1,1,1
BRDA:53,2,0,14
BRDA:53,2,1,1
BRDA:61,3,0,7
BRDA:61,3,1,7
BRF:8
BRH:8
end_of_record
TN:
SF:src/pages/Incomes.tsx
FN:8,Incomes
FN:15,handleAdd
FN:26,(anonymous_2)
FN:41,(anonymous_3)
FN:46,(anonymous_4)
FN:49,(anonymous_5)
FN:59,(anonymous_6)
FN:84,(anonymous_7)
FNF:8
FNH:7
FNDA:20,Incomes
FNDA:4,handleAdd
FNDA:40,(anonymous_2)
FNDA:3,(anonymous_3)
FNDA:0,(anonymous_4)
FNDA:160,(anonymous_5)
FNDA:4,(anonymous_6)
FNDA:40,(anonymous_7)
DA:9,20
DA:10,20
DA:11,20
DA:13,20
DA:16,4
DA:17,4
DA:18,4
DA:20,2
DA:21,2
DA:22,2
DA:26,40
DA:28,20
DA:41,3
DA:46,0
DA:50,160
DA:59,4
DA:85,40
LF:17
LH:16
BRDA:18,0,0,2
BRDA:18,0,1,2
BRDA:18,1,0,4
BRDA:18,1,1,3
BRDA:18,1,2,3
BRDA:73,2,0,19
BRDA:73,2,1,1
BRDA:87,3,0,40
BRDA:87,3,1,38
BRF:9
BRH:9
end_of_record
TN:
SF:src/pages/Onboarding.tsx
FN:22,(anonymous_0)
FN:23,(anonymous_1)
FN:25,(anonymous_2)
FN:26,(anonymous_3)
FN:48,Onboarding
FN:83,nextStep
FN:95,(anonymous_6)
FN:100,onSubmit
FN:155,(anonymous_8)
FN:235,(anonymous_9)
FN:235,(anonymous_10)
FN:266,Input
FNF:12
FNH:11
FNDA:8,(anonymous_0)
FNDA:8,(anonymous_1)
FNDA:8,(anonymous_2)
FNDA:8,(anonymous_3)
FNDA:31,Onboarding
FNDA:8,nextStep
FNDA:7,(anonymous_6)
FNDA:0,onSubmit
FNDA:186,(anonymous_8)
FNDA:1,(anonymous_9)
FNDA:1,(anonymous_10)
FNDA:91,Input
DA:13,2
DA:14,2
DA:17,2
DA:22,8
DA:23,8
DA:25,8
DA:26,8
DA:46,2
DA:49,31
DA:50,31
DA:51,31
DA:52,31
DA:57,31
DA:84,8
DA:93,8
DA:94,8
DA:95,7
DA:101,0
DA:131,0
DA:132,0
DA:135,31
DA:156,186
DA:235,1
DA:267,91
LF:24
LH:21
BRDA:23,0,0,8
BRDA:23,0,1,8
BRDA:94,1,0,7
BRDA:94,1,1,1
BRDA:150,2,0,0
BRDA:150,2,1,31
BRDA:156,3,0,48
BRDA:156,3,1,138
BRDA:166,4,0,31
BRDA:166,4,1,24
BRDA:176,5,0,31
BRDA:176,5,1,3
BRDA:184,6,0,31
BRDA:184,6,1,1
BRDA:198,7,0,31
BRDA:198,7,1,1
BRDA:208,8,0,31
BRDA:208,8,1,1
BRDA:222,9,0,31
BRDA:222,9,1,1
BRDA:226,10,0,1
BRDA:226,10,1,0
BRDA:241,11,0,30
BRDA:241,11,1,1
BRDA:271,12,0,91
BRDA:271,12,1,3
BRF:26
BRH:24
end_of_record
TN:
SF:src/pages/SimpleListPage.tsx
FN:23,SimpleListPage
FN:31,(anonymous_1)
FNF:2
FNH:2
FNDA:6,SimpleListPage
FNDA:14,(anonymous_1)
DA:24,6
DA:32,14
LF:2
LH:2
BRDA:27,0,0,2
BRDA:27,0,1,4
BRF:2
BRH:2
end_of_record
TN:
SF:src/routes/AppRoutes.tsx
FN:14,ProtectedLayout
FN:25,AppRoutes
FNF:2
FNH:2
FNDA:4,ProtectedLayout
FNDA:5,AppRoutes
DA:15,4
DA:17,4
DA:18,1
DA:21,3
DA:26,5
DA:28,5
LF:6
LH:6
BRDA:17,0,0,1
BRDA:17,0,1,3
BRDA:31,1,0,3
BRDA:31,1,1,2
BRDA:45,2,0,3
BRDA:45,2,1,2
BRF:6
BRH:6
end_of_record
TN:
SF:src/utils/formatters.ts
FN:2,formatCurrency
FNF:1
FNH:1
FNDA:261,formatCurrency
DA:3,261
LF:1
LH:1
BRF:0
BRH:0
end_of_record
